INFO main org.springframework.context.support.ClassPathXmlApplicationContext - Refreshing org.springframework.context.support.ClassPathXmlApplicationContext@66d33a: startup date [Tue Aug 07 19:31:35 CST 2018]; root of context hierarchy
INFO main org.springframework.beans.factory.xml.XmlBeanDefinitionReader - Loading XML bean definitions from class path resource [bean3.xml]
DEBUG main org.springframework.core.env.StandardEnvironment - Adding [systemProperties] PropertySource with lowest search precedence
DEBUG main org.springframework.core.env.StandardEnvironment - Adding [systemEnvironment] PropertySource with lowest search precedence
DEBUG main org.springframework.core.env.StandardEnvironment - Initialized StandardEnvironment with PropertySources [systemProperties,systemEnvironment]
INFO main org.springframework.context.support.ClassPathXmlApplicationContext - Refreshing org.springframework.context.support.ClassPathXmlApplicationContext@66d33a: startup date [Tue Aug 07 19:33:14 CST 2018]; root of context hierarchy
DEBUG main org.springframework.core.env.StandardEnvironment - Adding [systemProperties] PropertySource with lowest search precedence
DEBUG main org.springframework.core.env.StandardEnvironment - Adding [systemEnvironment] PropertySource with lowest search precedence
DEBUG main org.springframework.core.env.StandardEnvironment - Initialized StandardEnvironment with PropertySources [systemProperties,systemEnvironment]
INFO main org.springframework.beans.factory.xml.XmlBeanDefinitionReader - Loading XML bean definitions from class path resource [bean3.xml]
DEBUG main org.springframework.beans.factory.xml.DefaultDocumentLoader - Using JAXP provider [com.sun.org.apache.xerces.internal.jaxp.DocumentBuilderFactoryImpl]
DEBUG main org.springframework.beans.factory.xml.PluggableSchemaResolver - Loading schema mappings from [META-INF/spring.schemas]
DEBUG main org.springframework.beans.factory.xml.PluggableSchemaResolver - Loaded schema mappings: {http://www.springframework.org/schema/cache/spring-cache-4.2.xsd=org/springframework/cache/config/spring-cache-4.2.xsd, http://www.springframework.org/schema/aop/spring-aop-4.1.xsd=org/springframework/aop/config/spring-aop-4.1.xsd, http://www.springframework.org/schema/context/spring-context-3.1.xsd=org/springframework/context/config/spring-context-3.1.xsd, http://www.springframework.org/schema/util/spring-util-3.0.xsd=org/springframework/beans/factory/xml/spring-util-3.0.xsd, http://www.springframework.org/schema/tool/spring-tool.xsd=org/springframework/beans/factory/xml/spring-tool-4.2.xsd, http://www.springframework.org/schema/aop/spring-aop-3.2.xsd=org/springframework/aop/config/spring-aop-3.2.xsd, http://www.springframework.org/schema/lang/spring-lang-4.1.xsd=org/springframework/scripting/config/spring-lang-4.1.xsd, http://www.springframework.org/schema/context/spring-context-4.0.xsd=org/springframework/context/config/spring-context-4.0.xsd, http://www.springframework.org/schema/beans/spring-beans-4.2.xsd=org/springframework/beans/factory/xml/spring-beans-4.2.xsd, http://www.springframework.org/schema/tool/spring-tool-4.1.xsd=org/springframework/beans/factory/xml/spring-tool-4.1.xsd, http://www.springframework.org/schema/lang/spring-lang-3.2.xsd=org/springframework/scripting/config/spring-lang-3.2.xsd, http://www.springframework.org/schema/cache/spring-cache-3.2.xsd=org/springframework/cache/config/spring-cache-3.2.xsd, http://www.springframework.org/schema/jee/spring-jee-4.1.xsd=org/springframework/ejb/config/spring-jee-4.1.xsd, http://www.springframework.org/schema/util/spring-util-2.0.xsd=org/springframework/beans/factory/xml/spring-util-2.0.xsd, http://www.springframework.org/schema/task/spring-task-4.2.xsd=org/springframework/scheduling/config/spring-task-4.2.xsd, http://www.springframework.org/schema/tool/spring-tool-3.2.xsd=org/springframework/beans/factory/xml/spring-tool-3.2.xsd, http://www.springframework.org/schema/context/spring-context.xsd=org/springframework/context/config/spring-context-4.2.xsd, http://www.springframework.org/schema/cache/spring-cache-4.1.xsd=org/springframework/cache/config/spring-cache-4.1.xsd, http://www.springframework.org/schema/aop/spring-aop-4.0.xsd=org/springframework/aop/config/spring-aop-4.0.xsd, http://www.springframework.org/schema/jee/spring-jee-3.2.xsd=org/springframework/ejb/config/spring-jee-3.2.xsd, http://www.springframework.org/schema/context/spring-context-3.0.xsd=org/springframework/context/config/spring-context-3.0.xsd, http://www.springframework.org/schema/util/spring-util-2.5.xsd=org/springframework/beans/factory/xml/spring-util-2.5.xsd, http://www.springframework.org/schema/beans/spring-beans-3.2.xsd=org/springframework/beans/factory/xml/spring-beans-3.2.xsd, http://www.springframework.org/schema/aop/spring-aop-3.1.xsd=org/springframework/aop/config/spring-aop-3.1.xsd, http://www.springframework.org/schema/lang/spring-lang-4.0.xsd=org/springframework/scripting/config/spring-lang-4.0.xsd, http://www.springframework.org/schema/beans/spring-beans-4.1.xsd=org/springframework/beans/factory/xml/spring-beans-4.1.xsd, http://www.springframework.org/schema/tool/spring-tool-4.0.xsd=org/springframework/beans/factory/xml/spring-tool-4.0.xsd, http://www.springframework.org/schema/lang/spring-lang-3.1.xsd=org/springframework/scripting/config/spring-lang-3.1.xsd, http://www.springframework.org/schema/cache/spring-cache-3.1.xsd=org/springframework/cache/config/spring-cache-3.1.xsd, http://www.springframework.org/schema/jee/spring-jee-4.0.xsd=org/springframework/ejb/config/spring-jee-4.0.xsd, http://www.springframework.org/schema/task/spring-task-4.1.xsd=org/springframework/scheduling/config/spring-task-4.1.xsd, http://www.springframework.org/schema/tool/spring-tool-3.1.xsd=org/springframework/beans/factory/xml/spring-tool-3.1.xsd, http://www.springframework.org/schema/cache/spring-cache-4.0.xsd=org/springframework/cache/config/spring-cache-4.0.xsd, http://www.springframework.org/schema/jee/spring-jee-3.1.xsd=org/springframework/ejb/config/spring-jee-3.1.xsd, http://www.springframework.org/schema/task/spring-task-3.2.xsd=org/springframework/scheduling/config/spring-task-3.2.xsd, http://www.springframework.org/schema/util/spring-util-4.2.xsd=org/springframework/beans/factory/xml/spring-util-4.2.xsd, http://www.springframework.org/schema/beans/spring-beans-3.1.xsd=org/springframework/beans/factory/xml/spring-beans-3.1.xsd, http://www.springframework.org/schema/util/spring-util.xsd=org/springframework/beans/factory/xml/spring-util-4.2.xsd, http://www.springframework.org/schema/aop/spring-aop-3.0.xsd=org/springframework/aop/config/spring-aop-3.0.xsd, http://www.springframework.org/schema/beans/spring-beans-4.0.xsd=org/springframework/beans/factory/xml/spring-beans-4.0.xsd, http://www.springframework.org/schema/beans/spring-beans.xsd=org/springframework/beans/factory/xml/spring-beans-4.2.xsd, http://www.springframework.org/schema/lang/spring-lang-3.0.xsd=org/springframework/scripting/config/spring-lang-3.0.xsd, http://www.springframework.org/schema/context/spring-context-2.5.xsd=org/springframework/context/config/spring-context-2.5.xsd, http://www.springframework.org/schema/task/spring-task-4.0.xsd=org/springframework/scheduling/config/spring-task-4.0.xsd, http://www.springframework.org/schema/tool/spring-tool-3.0.xsd=org/springframework/beans/factory/xml/spring-tool-3.0.xsd, http://www.springframework.org/schema/aop/spring-aop-2.0.xsd=org/springframework/aop/config/spring-aop-2.0.xsd, http://www.springframework.org/schema/jee/spring-jee-3.0.xsd=org/springframework/ejb/config/spring-jee-3.0.xsd, http://www.springframework.org/schema/util/spring-util-4.1.xsd=org/springframework/beans/factory/xml/spring-util-4.1.xsd, http://www.springframework.org/schema/task/spring-task-3.1.xsd=org/springframework/scheduling/config/spring-task-3.1.xsd, http://www.springframework.org/schema/beans/spring-beans-3.0.xsd=org/springframework/beans/factory/xml/spring-beans-3.0.xsd, http://www.springframework.org/schema/jee/spring-jee.xsd=org/springframework/ejb/config/spring-jee-4.2.xsd, http://www.springframework.org/schema/aop/spring-aop-2.5.xsd=org/springframework/aop/config/spring-aop-2.5.xsd, http://www.springframework.org/schema/lang/spring-lang-2.0.xsd=org/springframework/scripting/config/spring-lang-2.0.xsd, http://www.springframework.org/schema/util/spring-util-3.2.xsd=org/springframework/beans/factory/xml/spring-util-3.2.xsd, http://www.springframework.org/schema/task/spring-task.xsd=org/springframework/scheduling/config/spring-task-4.2.xsd, http://www.springframework.org/schema/tool/spring-tool-2.0.xsd=org/springframework/beans/factory/xml/spring-tool-2.0.xsd, http://www.springframework.org/schema/lang/spring-lang-2.5.xsd=org/springframework/scripting/config/spring-lang-2.5.xsd, http://www.springframework.org/schema/context/spring-context-4.2.xsd=org/springframework/context/config/spring-context-4.2.xsd, http://www.springframework.org/schema/jee/spring-jee-2.0.xsd=org/springframework/ejb/config/spring-jee-2.0.xsd, http://www.springframework.org/schema/tool/spring-tool-2.5.xsd=org/springframework/beans/factory/xml/spring-tool-2.5.xsd, http://www.springframework.org/schema/jee/spring-jee-2.5.xsd=org/springframework/ejb/config/spring-jee-2.5.xsd, http://www.springframework.org/schema/util/spring-util-4.0.xsd=org/springframework/beans/factory/xml/spring-util-4.0.xsd, http://www.springframework.org/schema/task/spring-task-3.0.xsd=org/springframework/scheduling/config/spring-task-3.0.xsd, http://www.springframework.org/schema/aop/spring-aop-4.2.xsd=org/springframework/aop/config/spring-aop-4.2.xsd, http://www.springframework.org/schema/lang/spring-lang.xsd=org/springframework/scripting/config/spring-lang-4.2.xsd, http://www.springframework.org/schema/context/spring-context-3.2.xsd=org/springframework/context/config/spring-context-3.2.xsd, http://www.springframework.org/schema/util/spring-util-3.1.xsd=org/springframework/beans/factory/xml/spring-util-3.1.xsd, http://www.springframework.org/schema/beans/spring-beans-2.0.xsd=org/springframework/beans/factory/xml/spring-beans-2.0.xsd, http://www.springframework.org/schema/cache/spring-cache.xsd=org/springframework/cache/config/spring-cache-4.2.xsd, http://www.springframework.org/schema/lang/spring-lang-4.2.xsd=org/springframework/scripting/config/spring-lang-4.2.xsd, http://www.springframework.org/schema/context/spring-context-4.1.xsd=org/springframework/context/config/spring-context-4.1.xsd, http://www.springframework.org/schema/beans/spring-beans-2.5.xsd=org/springframework/beans/factory/xml/spring-beans-2.5.xsd, http://www.springframework.org/schema/tool/spring-tool-4.2.xsd=org/springframework/beans/factory/xml/spring-tool-4.2.xsd, http://www.springframework.org/schema/jee/spring-jee-4.2.xsd=org/springframework/ejb/config/spring-jee-4.2.xsd, http://www.springframework.org/schema/aop/spring-aop.xsd=org/springframework/aop/config/spring-aop-4.2.xsd}
DEBUG main org.springframework.beans.factory.xml.PluggableSchemaResolver - Found XML schema [http://www.springframework.org/schema/beans/spring-beans.xsd] in classpath: org/springframework/beans/factory/xml/spring-beans-4.2.xsd
DEBUG main org.springframework.beans.factory.xml.PluggableSchemaResolver - Found XML schema [http://www.springframework.org/schema/aop/spring-aop.xsd] in classpath: org/springframework/aop/config/spring-aop-4.2.xsd
DEBUG main org.springframework.beans.factory.xml.PluggableSchemaResolver - Found XML schema [http://www.springframework.org/schema/tool/spring-tool-4.2.xsd] in classpath: org/springframework/beans/factory/xml/spring-tool-4.2.xsd
DEBUG main org.springframework.beans.factory.xml.DefaultBeanDefinitionDocumentReader - Loading bean definitions
DEBUG main org.springframework.beans.factory.xml.DefaultNamespaceHandlerResolver - Loaded NamespaceHandler mappings: {http://www.springframework.org/schema/p=org.springframework.beans.factory.xml.SimplePropertyNamespaceHandler, http://www.springframework.org/schema/util=org.springframework.beans.factory.xml.UtilNamespaceHandler, http://www.springframework.org/schema/jee=org.springframework.ejb.config.JeeNamespaceHandler, http://www.springframework.org/schema/aop=org.springframework.aop.config.AopNamespaceHandler, http://www.springframework.org/schema/cache=org.springframework.cache.config.CacheNamespaceHandler, http://www.springframework.org/schema/c=org.springframework.beans.factory.xml.SimpleConstructorNamespaceHandler, http://www.springframework.org/schema/task=org.springframework.scheduling.config.TaskNamespaceHandler, http://www.springframework.org/schema/lang=org.springframework.scripting.config.LangNamespaceHandler, http://www.springframework.org/schema/context=org.springframework.context.config.ContextNamespaceHandler}
DEBUG main org.springframework.beans.factory.xml.XmlBeanDefinitionReader - Loaded 7 bean definitions from location pattern [bean3.xml]
DEBUG main org.springframework.context.support.ClassPathXmlApplicationContext - Bean factory for org.springframework.context.support.ClassPathXmlApplicationContext@66d33a: org.springframework.beans.factory.support.DefaultListableBeanFactory@77f99a05: defining beans [book,myBook,org.springframework.aop.config.internalAutoProxyCreator,poincut1,org.springframework.aop.aspectj.AspectJPointcutAdvisor#0,org.springframework.aop.aspectj.AspectJPointcutAdvisor#1,org.springframework.aop.aspectj.AspectJPointcutAdvisor#2]; root of factory hierarchy
DEBUG main org.springframework.beans.factory.support.DefaultListableBeanFactory - Creating shared instance of singleton bean 'org.springframework.aop.config.internalAutoProxyCreator'
DEBUG main org.springframework.beans.factory.support.DefaultListableBeanFactory - Creating instance of bean 'org.springframework.aop.config.internalAutoProxyCreator'
DEBUG main org.springframework.beans.factory.support.DefaultListableBeanFactory - Eagerly caching bean 'org.springframework.aop.config.internalAutoProxyCreator' to allow for resolving potential circular references
DEBUG main org.springframework.beans.factory.support.DefaultListableBeanFactory - Finished creating instance of bean 'org.springframework.aop.config.internalAutoProxyCreator'
DEBUG main org.springframework.context.support.ClassPathXmlApplicationContext - Unable to locate MessageSource with name 'messageSource': using default [org.springframework.context.support.DelegatingMessageSource@641147d0]
DEBUG main org.springframework.context.support.ClassPathXmlApplicationContext - Unable to locate ApplicationEventMulticaster with name 'applicationEventMulticaster': using default [org.springframework.context.event.SimpleApplicationEventMulticaster@15d9bc04]
DEBUG main org.springframework.beans.factory.support.DefaultListableBeanFactory - Pre-instantiating singletons in org.springframework.beans.factory.support.DefaultListableBeanFactory@77f99a05: defining beans [book,myBook,org.springframework.aop.config.internalAutoProxyCreator,poincut1,org.springframework.aop.aspectj.AspectJPointcutAdvisor#0,org.springframework.aop.aspectj.AspectJPointcutAdvisor#1,org.springframework.aop.aspectj.AspectJPointcutAdvisor#2]; root of factory hierarchy
DEBUG main org.springframework.beans.factory.support.DefaultListableBeanFactory - Creating shared instance of singleton bean 'book'
DEBUG main org.springframework.beans.factory.support.DefaultListableBeanFactory - Creating instance of bean 'book'
DEBUG main org.springframework.beans.factory.support.DefaultListableBeanFactory - Creating shared instance of singleton bean 'org.springframework.aop.aspectj.AspectJPointcutAdvisor#0'
DEBUG main org.springframework.beans.factory.support.DefaultListableBeanFactory - Creating instance of bean 'org.springframework.aop.aspectj.AspectJPointcutAdvisor#0'
DEBUG main org.springframework.beans.factory.support.DefaultListableBeanFactory - Creating instance of bean '(inner bean)#19dc67c2'
DEBUG main org.springframework.beans.factory.support.DefaultListableBeanFactory - Creating instance of bean '(inner bean)#221af3c0'
DEBUG main org.springframework.beans.factory.support.DefaultListableBeanFactory - Finished creating instance of bean '(inner bean)#221af3c0'
DEBUG main org.springframework.beans.factory.support.DefaultListableBeanFactory - Creating instance of bean 'poincut1'
DEBUG main org.springframework.beans.factory.support.DefaultListableBeanFactory - Finished creating instance of bean 'poincut1'
DEBUG main org.springframework.beans.factory.support.DefaultListableBeanFactory - Creating instance of bean '(inner bean)#971d0d8'
DEBUG main org.springframework.beans.factory.support.DefaultListableBeanFactory - Finished creating instance of bean '(inner bean)#971d0d8'
DEBUG main org.springframework.beans.factory.support.DefaultListableBeanFactory - Finished creating instance of bean '(inner bean)#19dc67c2'
DEBUG main org.springframework.beans.factory.support.DefaultListableBeanFactory - Eagerly caching bean 'org.springframework.aop.aspectj.AspectJPointcutAdvisor#0' to allow for resolving potential circular references
DEBUG main org.springframework.beans.factory.support.DefaultListableBeanFactory - Finished creating instance of bean 'org.springframework.aop.aspectj.AspectJPointcutAdvisor#0'
DEBUG main org.springframework.beans.factory.support.DefaultListableBeanFactory - Creating shared instance of singleton bean 'org.springframework.aop.aspectj.AspectJPointcutAdvisor#1'
DEBUG main org.springframework.beans.factory.support.DefaultListableBeanFactory - Creating instance of bean 'org.springframework.aop.aspectj.AspectJPointcutAdvisor#1'
DEBUG main org.springframework.beans.factory.support.DefaultListableBeanFactory - Creating instance of bean '(inner bean)#41e36e46'
DEBUG main org.springframework.beans.factory.support.DefaultListableBeanFactory - Creating instance of bean '(inner bean)#15c43bd9'
DEBUG main org.springframework.beans.factory.support.DefaultListableBeanFactory - Finished creating instance of bean '(inner bean)#15c43bd9'
DEBUG main org.springframework.beans.factory.support.DefaultListableBeanFactory - Creating instance of bean 'poincut1'
DEBUG main org.springframework.beans.factory.support.DefaultListableBeanFactory - Finished creating instance of bean 'poincut1'
DEBUG main org.springframework.beans.factory.support.DefaultListableBeanFactory - Creating instance of bean '(inner bean)#3d74bf60'
DEBUG main org.springframework.beans.factory.support.DefaultListableBeanFactory - Finished creating instance of bean '(inner bean)#3d74bf60'
DEBUG main org.springframework.beans.factory.support.DefaultListableBeanFactory - Finished creating instance of bean '(inner bean)#41e36e46'
DEBUG main org.springframework.beans.factory.support.DefaultListableBeanFactory - Eagerly caching bean 'org.springframework.aop.aspectj.AspectJPointcutAdvisor#1' to allow for resolving potential circular references
DEBUG main org.springframework.beans.factory.support.DefaultListableBeanFactory - Finished creating instance of bean 'org.springframework.aop.aspectj.AspectJPointcutAdvisor#1'
DEBUG main org.springframework.beans.factory.support.DefaultListableBeanFactory - Creating shared instance of singleton bean 'org.springframework.aop.aspectj.AspectJPointcutAdvisor#2'
DEBUG main org.springframework.beans.factory.support.DefaultListableBeanFactory - Creating instance of bean 'org.springframework.aop.aspectj.AspectJPointcutAdvisor#2'
DEBUG main org.springframework.beans.factory.support.DefaultListableBeanFactory - Creating instance of bean '(inner bean)#130161f7'
DEBUG main org.springframework.beans.factory.support.DefaultListableBeanFactory - Creating instance of bean '(inner bean)#2c767a52'
DEBUG main org.springframework.beans.factory.support.DefaultListableBeanFactory - Finished creating instance of bean '(inner bean)#2c767a52'
DEBUG main org.springframework.beans.factory.support.DefaultListableBeanFactory - Creating instance of bean 'poincut1'
DEBUG main org.springframework.beans.factory.support.DefaultListableBeanFactory - Finished creating instance of bean 'poincut1'
DEBUG main org.springframework.beans.factory.support.DefaultListableBeanFactory - Creating instance of bean '(inner bean)#619713e5'
DEBUG main org.springframework.beans.factory.support.DefaultListableBeanFactory - Finished creating instance of bean '(inner bean)#619713e5'
DEBUG main org.springframework.beans.factory.support.DefaultListableBeanFactory - Finished creating instance of bean '(inner bean)#130161f7'
DEBUG main org.springframework.beans.factory.support.DefaultListableBeanFactory - Eagerly caching bean 'org.springframework.aop.aspectj.AspectJPointcutAdvisor#2' to allow for resolving potential circular references
DEBUG main org.springframework.beans.factory.support.DefaultListableBeanFactory - Finished creating instance of bean 'org.springframework.aop.aspectj.AspectJPointcutAdvisor#2'
DEBUG main org.springframework.beans.factory.support.DefaultListableBeanFactory - Eagerly caching bean 'book' to allow for resolving potential circular references
DEBUG main org.springframework.beans.factory.support.DefaultListableBeanFactory - Returning cached instance of singleton bean 'org.springframework.aop.aspectj.AspectJPointcutAdvisor#0'
DEBUG main org.springframework.beans.factory.support.DefaultListableBeanFactory - Returning cached instance of singleton bean 'org.springframework.aop.aspectj.AspectJPointcutAdvisor#1'
DEBUG main org.springframework.beans.factory.support.DefaultListableBeanFactory - Returning cached instance of singleton bean 'org.springframework.aop.aspectj.AspectJPointcutAdvisor#2'
DEBUG main org.springframework.beans.factory.support.DefaultListableBeanFactory - Returning cached instance of singleton bean 'org.springframework.aop.aspectj.AspectJPointcutAdvisor#0'
DEBUG main org.springframework.beans.factory.support.DefaultListableBeanFactory - Returning cached instance of singleton bean 'org.springframework.aop.aspectj.AspectJPointcutAdvisor#1'
DEBUG main org.springframework.beans.factory.support.DefaultListableBeanFactory - Returning cached instance of singleton bean 'org.springframework.aop.aspectj.AspectJPointcutAdvisor#2'
DEBUG main org.springframework.aop.aspectj.autoproxy.AspectJAwareAdvisorAutoProxyCreator - Creating implicit proxy for bean 'book' with 0 common interceptors and 4 specific interceptors
DEBUG main org.springframework.aop.framework.CglibAopProxy - Creating CGLIB proxy: target source is SingletonTargetSource for target object [edu.dlpu.aop.Book@6069db50]
DEBUG main org.springframework.aop.framework.CglibAopProxy - Unable to apply any optimisations to advised method: public void edu.dlpu.aop.Book.add()
DEBUG main org.springframework.aop.framework.CglibAopProxy - Found finalize() method - using NO_OVERRIDE
DEBUG main org.springframework.aop.framework.CglibAopProxy - Found 'equals' method: public boolean java.lang.Object.equals(java.lang.Object)
DEBUG main org.springframework.aop.framework.CglibAopProxy - Unable to apply any optimisations to advised method: public java.lang.String java.lang.Object.toString()
DEBUG main org.springframework.aop.framework.CglibAopProxy - Found 'hashCode' method: public native int java.lang.Object.hashCode()
DEBUG main org.springframework.aop.framework.CglibAopProxy - Unable to apply any optimisations to advised method: protected native java.lang.Object java.lang.Object.clone() throws java.lang.CloneNotSupportedException
DEBUG main org.springframework.aop.framework.CglibAopProxy - Method is declared on Advised interface: public abstract int org.springframework.aop.framework.Advised.indexOf(org.springframework.aop.Advisor)
DEBUG main org.springframework.aop.framework.CglibAopProxy - Method is declared on Advised interface: public abstract int org.springframework.aop.framework.Advised.indexOf(org.aopalliance.aop.Advice)
DEBUG main org.springframework.aop.framework.CglibAopProxy - Method is declared on Advised interface: public abstract boolean org.springframework.aop.framework.Advised.isFrozen()
DEBUG main org.springframework.aop.framework.CglibAopProxy - Method is declared on Advised interface: public abstract org.springframework.aop.TargetSource org.springframework.aop.framework.Advised.getTargetSource()
DEBUG main org.springframework.aop.framework.CglibAopProxy - Method is declared on Advised interface: public abstract boolean org.springframework.aop.framework.Advised.isProxyTargetClass()
DEBUG main org.springframework.aop.framework.CglibAopProxy - Method is declared on Advised interface: public abstract void org.springframework.aop.framework.Advised.addAdvisor(int,org.springframework.aop.Advisor) throws org.springframework.aop.framework.AopConfigException
DEBUG main org.springframework.aop.framework.CglibAopProxy - Method is declared on Advised interface: public abstract void org.springframework.aop.framework.Advised.addAdvisor(org.springframework.aop.Advisor) throws org.springframework.aop.framework.AopConfigException
DEBUG main org.springframework.aop.framework.CglibAopProxy - Method is declared on Advised interface: public abstract void org.springframework.aop.framework.Advised.setTargetSource(org.springframework.aop.TargetSource)
DEBUG main org.springframework.aop.framework.CglibAopProxy - Method is declared on Advised interface: public abstract void org.springframework.aop.framework.Advised.setPreFiltered(boolean)
DEBUG main org.springframework.aop.framework.CglibAopProxy - Method is declared on Advised interface: public abstract void org.springframework.aop.framework.Advised.setExposeProxy(boolean)
DEBUG main org.springframework.aop.framework.CglibAopProxy - Method is declared on Advised interface: public abstract boolean org.springframework.aop.framework.Advised.isExposeProxy()
DEBUG main org.springframework.aop.framework.CglibAopProxy - Method is declared on Advised interface: public abstract void org.springframework.aop.framework.Advised.addAdvice(org.aopalliance.aop.Advice) throws org.springframework.aop.framework.AopConfigException
DEBUG main org.springframework.aop.framework.CglibAopProxy - Method is declared on Advised interface: public abstract void org.springframework.aop.framework.Advised.addAdvice(int,org.aopalliance.aop.Advice) throws org.springframework.aop.framework.AopConfigException
DEBUG main org.springframework.aop.framework.CglibAopProxy - Method is declared on Advised interface: public abstract boolean org.springframework.aop.framework.Advised.isPreFiltered()
DEBUG main org.springframework.aop.framework.CglibAopProxy - Method is declared on Advised interface: public abstract java.lang.Class[] org.springframework.aop.framework.Advised.getProxiedInterfaces()
DEBUG main org.springframework.aop.framework.CglibAopProxy - Method is declared on Advised interface: public abstract boolean org.springframework.aop.framework.Advised.isInterfaceProxied(java.lang.Class)
DEBUG main org.springframework.aop.framework.CglibAopProxy - Method is declared on Advised interface: public abstract org.springframework.aop.Advisor[] org.springframework.aop.framework.Advised.getAdvisors()
DEBUG main org.springframework.aop.framework.CglibAopProxy - Method is declared on Advised interface: public abstract void org.springframework.aop.framework.Advised.removeAdvisor(int) throws org.springframework.aop.framework.AopConfigException
DEBUG main org.springframework.aop.framework.CglibAopProxy - Method is declared on Advised interface: public abstract boolean org.springframework.aop.framework.Advised.removeAdvisor(org.springframework.aop.Advisor)
DEBUG main org.springframework.aop.framework.CglibAopProxy - Method is declared on Advised interface: public abstract boolean org.springframework.aop.framework.Advised.replaceAdvisor(org.springframework.aop.Advisor,org.springframework.aop.Advisor) throws org.springframework.aop.framework.AopConfigException
DEBUG main org.springframework.aop.framework.CglibAopProxy - Method is declared on Advised interface: public abstract boolean org.springframework.aop.framework.Advised.removeAdvice(org.aopalliance.aop.Advice)
DEBUG main org.springframework.aop.framework.CglibAopProxy - Method is declared on Advised interface: public abstract java.lang.String org.springframework.aop.framework.Advised.toProxyConfigString()
DEBUG main org.springframework.aop.framework.CglibAopProxy - Method is declared on Advised interface: public abstract java.lang.Class org.springframework.aop.TargetClassAware.getTargetClass()
DEBUG main org.springframework.beans.factory.support.DefaultListableBeanFactory - Finished creating instance of bean 'book'
DEBUG main org.springframework.beans.factory.support.DefaultListableBeanFactory - Creating shared instance of singleton bean 'myBook'
DEBUG main org.springframework.beans.factory.support.DefaultListableBeanFactory - Creating instance of bean 'myBook'
DEBUG main org.springframework.beans.factory.support.DefaultListableBeanFactory - Returning cached instance of singleton bean 'org.springframework.aop.aspectj.AspectJPointcutAdvisor#0'
DEBUG main org.springframework.beans.factory.support.DefaultListableBeanFactory - Returning cached instance of singleton bean 'org.springframework.aop.aspectj.AspectJPointcutAdvisor#1'
DEBUG main org.springframework.beans.factory.support.DefaultListableBeanFactory - Returning cached instance of singleton bean 'org.springframework.aop.aspectj.AspectJPointcutAdvisor#2'
DEBUG main org.springframework.beans.factory.support.DefaultListableBeanFactory - Eagerly caching bean 'myBook' to allow for resolving potential circular references
DEBUG main org.springframework.beans.factory.support.DefaultListableBeanFactory - Finished creating instance of bean 'myBook'
DEBUG main org.springframework.beans.factory.support.DefaultListableBeanFactory - Returning cached instance of singleton bean 'org.springframework.aop.config.internalAutoProxyCreator'
DEBUG main org.springframework.beans.factory.support.DefaultListableBeanFactory - Returning cached instance of singleton bean 'org.springframework.aop.aspectj.AspectJPointcutAdvisor#0'
DEBUG main org.springframework.beans.factory.support.DefaultListableBeanFactory - Returning cached instance of singleton bean 'org.springframework.aop.aspectj.AspectJPointcutAdvisor#1'
DEBUG main org.springframework.beans.factory.support.DefaultListableBeanFactory - Returning cached instance of singleton bean 'org.springframework.aop.aspectj.AspectJPointcutAdvisor#2'
DEBUG main org.springframework.context.support.ClassPathXmlApplicationContext - Unable to locate LifecycleProcessor with name 'lifecycleProcessor': using default [org.springframework.context.support.DefaultLifecycleProcessor@7d8704ef]
DEBUG main org.springframework.beans.factory.support.DefaultListableBeanFactory - Returning cached instance of singleton bean 'lifecycleProcessor'
DEBUG main org.springframework.core.env.PropertySourcesPropertyResolver - Searching for key 'spring.liveBeansView.mbeanDomain' in [systemProperties]
DEBUG main org.springframework.core.env.PropertySourcesPropertyResolver - Searching for key 'spring.liveBeansView.mbeanDomain' in [systemEnvironment]
DEBUG main org.springframework.core.env.PropertySourcesPropertyResolver - Could not find key 'spring.liveBeansView.mbeanDomain' in any property source. Returning [null]
DEBUG main org.springframework.beans.factory.support.DefaultListableBeanFactory - Returning cached instance of singleton bean 'book'
DEBUG main org.springframework.beans.factory.support.DefaultListableBeanFactory - Returning cached instance of singleton bean 'myBook'
DEBUG main org.springframework.beans.factory.support.DefaultListableBeanFactory - Returning cached instance of singleton bean 'myBook'
DEBUG main org.springframework.beans.factory.support.DefaultListableBeanFactory - Returning cached instance of singleton bean 'myBook'
INFO main org.springframework.context.support.ClassPathXmlApplicationContext - Refreshing org.springframework.context.support.ClassPathXmlApplicationContext@66d33a: startup date [Wed Aug 08 09:31:52 CST 2018]; root of context hierarchy
INFO main org.springframework.beans.factory.xml.XmlBeanDefinitionReader - Loading XML bean definitions from class path resource [bean3.xml]
